<?xml version="1.0" encoding="UTF-8"?>
<!-- Generated by org.testng.reporters.JUnitXMLReporter -->
<testsuite hostname="DESKTOP-M0RCAUK" ignored="1" name="TestNG Concepts(failed)" tests="1" failures="0" timestamp="05 May 2022 01:15:48 GMT" time="6.231" errors="0">
  <testcase name="testOne" time="6.204" classname="testNG.concepts.ParallelExecution"/>
  <testcase name="testTwo" time="0.0" classname="testNG.concepts.ParallelExecution">
    <ignored/>
  </testcase> <!-- testTwo -->
</testsuite> <!-- TestNG Concepts(failed) -->
