<?xml version="1.0" encoding="UTF-8"?>
<!-- Generated by org.testng.reporters.JUnitXMLReporter -->
<testsuite hostname="DESKTOP-M0RCAUK" ignored="0" name="Login to Hotel test" tests="3" failures="0" timestamp="03 May 2022 21:31:52 GMT" time="20.53" errors="0">
  <testcase name="test" time="1.291" classname="tests.DataDrivenTesting"/>
  <testcase name="test" time="1.209" classname="tests.DataDrivenTesting"/>
  <testcase name="test" time="1.264" classname="tests.DataDrivenTesting"/>
</testsuite> <!-- Login to Hotel test -->
