<?xml version="1.0" encoding="UTF-8"?>
<!-- Generated by org.testng.reporters.JUnitXMLReporter -->
<testsuite hostname="DESKTOP-M0RCAUK" ignored="0" name="TestNG Concepts" tests="4" failures="0" timestamp="05 May 2022 02:09:47 GMT" time="12.114" errors="0">
  <testcase name="test" time="0.011" classname="testNG.concepts.ParametersExercise"/>
  <testcase name="testOne" time="6.773" classname="testNG.concepts.ParallelExecution"/>
  <testcase name="test" time="5.081" classname="testNG.concepts.ParametersClass"/>
  <testcase name="testTwo" time="5.297" classname="testNG.concepts.ParallelExecution"/>
</testsuite> <!-- TestNG Concepts -->
