<?xml version="1.0" encoding="UTF-8"?>
<!-- Generated by org.testng.reporters.JUnitXMLReporter -->
<testsuite hostname="DESKTOP-M0RCAUK" ignored="0" name="Practice Session" tests="4" failures="0" timestamp="06 May 2022 01:40:48 GMT" time="7.782" errors="0">
  <testcase name="testTwo" time="5.77" classname="exercise.testNG.ParallelExecutionPractice"/>
  <testcase name="testOne" time="5.771" classname="exercise.testNG.ParallelExecutionPractice"/>
  <testcase name="testFour" time="6.204" classname="exercise.testNG.ParallelExecutionPractice"/>
  <testcase name="testThree" time="7.762" classname="exercise.testNG.ParallelExecutionPractice"/>
</testsuite> <!-- Practice Session -->
